2020-Mar-24 20:32:44 Required PHP Modules (check_php_modules): Ok
All required modules are installed.
2020-Mar-24 20:32:45 PHP Required Parameters (check_php_settings): Fail
Error! The value of max_input_vars must be 10000 or greater. The current value is: 1000
2020-Mar-24 20:32:47 Web server modules (check_security): Ok
No conflicts.
2020-Mar-24 20:32:48 Server Variables (check_server_vars): Fail
Error! The current domain is invalid (bitrix). The domain name can only contain numbers, Latin letters and hyphens. The first domain level must be separated with a period (e.g. .com).
2020-Mar-24 20:32:49 Session retention (check_session): Ok
50% done
2020-Mar-24 20:32:51 Session retention (check_session): Ok
Success
2020-Mar-24 20:32:52 UTF configuration parameters (mbstring and BX_UTF) (check_mbstring): Fail
Error! The website runs in UTF encoding, mbstring parameters:mbstring.func_overload=0mbstring.internal_encoding=""default_charset="utf-8"required:mbstring.func_overload=2mbstring.internal_encoding=""default_charset="utf-8"
2020-Mar-24 20:32:54 Service scripts in the site root (check_install_scripts): Ok
None
2020-Mar-24 20:32:55 Using sockets (check_socket): Ok
Connection to bitrix:80	Success

Success
2020-Mar-24 20:32:56 Use cron to run agents (check_bx_crontab): Warning
Warning. The system agents are run on hits. Migrate the agents to cron.
2020-Mar-24 20:32:58 Database connection parameters (check_dbconn_settings): Ok
Success
2020-Mar-24 20:33:01 Redundant output in configuration files (check_dbconn): Ok
Connection to bitrix:80	Success

Success
2020-Mar-24 20:33:03 Session retention without UserAgent (check_session_ua): Ok
50% done
Connection to bitrix:80	Success

2020-Mar-24 20:33:04 Session retention without UserAgent (check_session_ua): Ok
Connection to bitrix:80	Success

Success
2020-Mar-24 20:33:06 Website Parameters (check_sites): Ok
Correct
2020-Mar-24 20:33:07 Passing objects by reference (check_clone): Ok
Success
2020-Mar-24 20:33:09 Stack size; pcre.recursion_limit (check_pcre_recursion): Ok
Connection to bitrix:80	Success

Success
2020-Mar-24 20:33:11 File upload (check_upload): Ok
Connection to bitrix:80	Success

Success
2020-Mar-24 20:33:12 Upload files over 4MB (check_upload_big): Ok
Connection to bitrix:80	Success

Success
2020-Mar-24 20:33:14 Upload file using php://input (check_upload_raw): Ok
Connection to bitrix:80	Success

Success
2020-Mar-24 20:33:15 POST requests with many parameters (check_post): Ok
Connection to bitrix:80	Success

Success
2020-Mar-24 20:33:18 E-mail sending (check_mail): Ok
Success
2020-Mar-24 20:33:19 Large e-mail sending (over 64 KB) (check_mail_big): Ok
Success
2020-Mar-24 20:33:21 Check for unsent messages (check_mail_b_event): Ok
Success
2020-Mar-24 20:33:23 Local redirects (LocalRedirect function) (check_localredirect): Ok
50% done
Connection to bitrix:80	Success

2020-Mar-24 20:33:24 Local redirects (LocalRedirect function) (check_localredirect): Ok
Connection to bitrix:80	Success

Success
2020-Mar-24 20:33:26 Memory limit (check_memory_limit): Ok
20% done
Connection to bitrix:80	Success

2020-Mar-24 20:33:28 Memory limit (check_memory_limit): Ok
40% done
Connection to bitrix:80	Success

2020-Mar-24 20:33:29 Memory limit (check_memory_limit): Ok
60% done
Connection to bitrix:80	Success

2020-Mar-24 20:33:31 Memory limit (check_memory_limit): Ok
80% done
Connection to bitrix:80	Success

2020-Mar-24 20:33:32 Memory limit (check_memory_limit): Ok
Connection to bitrix:80	Success

Not less than 256 M.
2020-Mar-24 20:33:36 Using cache files (check_cache): Ok
Success
